<?xml version="1.0" encoding="UTF-8"?>
<testsuite name="censusanalyser.CensusAnalyserTest" tests="1" skipped="0" failures="0" errors="0" timestamp="2020-04-16T16:08:14" hostname="DESKTOP-ECJSPHG" time="0.501">
  <properties/>
  <testcase name="givenUSStateCensusCSVFile_WhenProper_SortMostPopulationDensity_Area" classname="censusanalyser.CensusAnalyserTest" time="0.501"/>
  <system-out><![CDATA[[{"state":"Alaska","stateId":"AK","population":710231.0,"totalArea":1723338.01,"populationDensity":0.46},{"state":"Texas","stateId":"TX","population":2.5145561E7,"totalArea":695662.15,"populationDensity":37.18},{"state":"California","stateId":"CA","population":3.7253956E7,"totalArea":423967.74,"populationDensity":92.32},{"state":"Montana","stateId":"MT","population":989415.0,"totalArea":380831.38,"populationDensity":2.63},{"state":"New Mexico","stateId":"NM","population":2059179.0,"totalArea":314917.66,"populationDensity":6.56},{"state":"Arizona","stateId":"AZ","population":6392017.0,"totalArea":295233.74,"populationDensity":21.74},{"state":"Nevada","stateId":"NV","population":2700551.0,"totalArea":286379.91,"populationDensity":9.5},{"state":"Colorado","stateId":"CO","population":5029196.0,"totalArea":269601.56,"populationDensity":18.73},{"state":"Oregon","stateId":"OR","population":3831074.0,"totalArea":254799.43,"populationDensity":15.41},{"state":"Wyoming","stateId":"WY","population":563626.0,"totalArea":253334.72,"populationDensity":2.24},{"state":"Michigan","stateId":"MI","population":9883640.0,"totalArea":250487.02,"populationDensity":67.49},{"state":"Minnesota","stateId":"MN","population":5303925.0,"totalArea":225162.93,"populationDensity":25.71},{"state":"Utah","stateId":"UT","population":2763885.0,"totalArea":219882.07,"populationDensity":12.97},{"state":"Idaho","stateId":"ID","population":1567582.0,"totalArea":216442.74,"populationDensity":7.34},{"state":"Kansas","stateId":"KS","population":2853118.0,"totalArea":213100.13,"populationDensity":13.47},{"state":"Nebraska","stateId":"NE","population":1826341.0,"totalArea":200330.05,"populationDensity":9.19},{"state":"South Dakota","stateId":"SD","population":814180.0,"totalArea":199728.84,"populationDensity":4.13},{"state":"Washington","stateId":"WA","population":6724540.0,"totalArea":184660.98,"populationDensity":39.07},{"state":"North Dakota","stateId":"ND","population":672591.0,"totalArea":183107.94,"populationDensity":3.75},{"state":"Oklahoma","stateId":"OK","population":3751351.0,"totalArea":181037.37,"populationDensity":21.12},{"state":"Missouri","stateId":"MO","population":5988927.0,"totalArea":180540.41,"populationDensity":33.63},{"state":"Florida","stateId":"FL","population":1.880131E7,"totalArea":170311.79,"populationDensity":135.37},{"state":"Wisconsin","stateId":"WI","population":5686986.0,"totalArea":169634.97,"populationDensity":40.54},{"state":"Georgia","stateId":"GA","population":9687653.0,"totalArea":153910.54,"populationDensity":65.02},{"state":"Illinois","stateId":"IL","population":1.2830632E7,"totalArea":149995.52,"populationDensity":89.23},{"state":"Iowa","stateId":"IA","population":3046355.0,"totalArea":145746.02,"populationDensity":21.04},{"state":"New York","stateId":"NY","population":1.9378102E7,"totalArea":141296.85,"populationDensity":158.77},{"state":"North Carolina","stateId":"NC","population":9535483.0,"totalArea":139391.09,"populationDensity":75.71},{"state":"Arkansas","stateId":"AR","population":2915918.0,"totalArea":137731.91,"populationDensity":21.62},{"state":"Alabama","stateId":"AL","population":4779736.0,"totalArea":135767.46,"populationDensity":36.45},{"state":"Louisiana","stateId":"LA","population":4533372.0,"totalArea":135658.83,"populationDensity":40.5},{"state":"Mississippi","stateId":"MS","population":2967297.0,"totalArea":125437.83,"populationDensity":24.4},{"state":"Pennsylvania","stateId":"PA","population":1.2702379E7,"totalArea":119280.28,"populationDensity":109.61},{"state":"Ohio","stateId":"OH","population":1.1536504E7,"totalArea":116097.8,"populationDensity":109.0},{"state":"Virginia","stateId":"VA","population":8001024.0,"totalArea":110786.64,"populationDensity":78.22},{"state":"Tennessee","stateId":"TN","population":6346105.0,"totalArea":109153.19,"populationDensity":59.42},{"state":"Kentucky","stateId":"KY","population":4339367.0,"totalArea":104655.8,"populationDensity":42.43},{"state":"Indiana","stateId":"IN","population":6483802.0,"totalArea":94326.27,"populationDensity":69.88},{"state":"Maine","stateId":"ME","population":1328361.0,"totalArea":91633.17,"populationDensity":16.64},{"state":"South Carolina","stateId":"SC","population":4625364.0,"totalArea":82932.75,"populationDensity":59.42},{"state":"West Virginia","stateId":"WV","population":1852994.0,"totalArea":62755.56,"populationDensity":29.77},{"state":"Maryland","stateId":"MD","population":5773552.0,"totalArea":32131.23,"populationDensity":229.65},{"state":"Hawaii","stateId":"HI","population":1360301.0,"totalArea":28313.05,"populationDensity":81.78},{"state":"Massachusetts","stateId":"MA","population":6547629.0,"totalArea":27335.76,"populationDensity":324.09},{"state":"Vermont","stateId":"VT","population":625741.0,"totalArea":24906.28,"populationDensity":26.22},{"state":"New Hampshire","stateId":"NH","population":1316470.0,"totalArea":24214.23,"populationDensity":56.76},{"state":"New Jersey","stateId":"NJ","population":8791894.0,"totalArea":22591.39,"populationDensity":461.58},{"state":"Connecticut","stateId":"CT","population":3574097.0,"totalArea":14357.38,"populationDensity":284.98},{"state":"Delaware","stateId":"DE","population":897934.0,"totalArea":6445.76,"populationDensity":177.92},{"state":"Rhode Island","stateId":"RI","population":1052567.0,"totalArea":4001.25,"populationDensity":393.09},{"state":"District of Columbia","stateId":"DC","population":601723.0,"totalArea":177.0,"populationDensity":3805.61}]
]]></system-out>
  <system-err><![CDATA[]]></system-err>
</testsuite>
